# JRE version: Java(TM) SE Runtime Environment (8.0_144-b01) (build 1.8.0_144-b01)
# Java VM: Java HotSpot(TM) 64-Bit Server VM (25.144-b01 mixed mode windows-amd64 compressed oops)
Heap:
 PSYoungGen      total 88064K, used 38211K [0x00000000e0000000, 0x00000000e7200000, 0x0000000100000000)
  eden space 80896K, 44% used [0x00000000e0000000,0x00000000e2374c68,0x00000000e4f00000)
  from space 7168K, 26% used [0x00000000e4f00000,0x00000000e50dc050,0x00000000e5600000)
  to   space 7168K, 0% used [0x00000000e6b00000,0x00000000e6b00000,0x00000000e7200000)
 ParOldGen       total 53248K, used 17538K [0x00000000a0000000, 0x00000000a3400000, 0x00000000e0000000)
  object space 53248K, 32% used [0x00000000a0000000,0x00000000a1120ac8,0x00000000a3400000)
 Metaspace       used 36989K, capacity 38030K, committed 38192K, reserved 1081344K
  class space    used 5013K, capacity 5395K, committed 5424K, reserved 1048576K
GC Heap History (10 events):
Event: 35.273 GC heap before
{Heap before GC invocations=13 (full 1):
 PSYoungGen      total 51712K, used 46234K [0x00000000e0000000, 0x00000000e4b00000, 0x0000000100000000)
  eden space 45056K, 100% used [0x00000000e0000000,0x00000000e2c00000,0x00000000e2c00000)
  from space 6656K, 17% used [0x00000000e2c00000,0x00000000e2d26a10,0x00000000e3280000)
  to   space 6656K, 0% used [0x00000000e4480000,0x00000000e4480000,0x00000000e4b00000)
 ParOldGen       total 32768K, used 10827K [0x00000000a0000000, 0x00000000a2000000, 0x00000000e0000000)
  object space 32768K, 33% used [0x00000000a0000000,0x00000000a0a92fe8,0x00000000a2000000)
 Metaspace       used 30361K, capacity 30994K, committed 31280K, reserved 1077248K
  class space    used 4099K, capacity 4323K, committed 4400K, reserved 1048576K
Event: 35.286 GC heap after
Heap after GC invocations=13 (full 1):
 PSYoungGen      total 68096K, used 2776K [0x00000000e0000000, 0x00000000e4a00000, 0x0000000100000000)
  eden space 62464K, 0% used [0x00000000e0000000,0x00000000e0000000,0x00000000e3d00000)
  from space 5632K, 49% used [0x00000000e4480000,0x00000000e47361d8,0x00000000e4a00000)
  to   space 6656K, 0% used [0x00000000e3d00000,0x00000000e3d00000,0x00000000e4380000)
 ParOldGen       total 32768K, used 11468K [0x00000000a0000000, 0x00000000a2000000, 0x00000000e0000000)
  object space 32768K, 34% used [0x00000000a0000000,0x00000000a0b33068,0x00000000a2000000)
 Metaspace       used 30361K, capacity 30994K, committed 31280K, reserved 1077248K
  class space    used 4099K, capacity 4323K, committed 4400K, reserved 1048576K
}
Event: 37.552 GC heap before
{Heap before GC invocations=14 (full 1):
 PSYoungGen      total 68096K, used 50122K [0x00000000e0000000, 0x00000000e4a00000, 0x0000000100000000)
  eden space 62464K, 75% used [0x00000000e0000000,0x00000000e2e3c700,0x00000000e3d00000)
  from space 5632K, 49% used [0x00000000e4480000,0x00000000e47361d8,0x00000000e4a00000)
  to   space 6656K, 0% used [0x00000000e3d00000,0x00000000e3d00000,0x00000000e4380000)
 ParOldGen       total 32768K, used 11468K [0x00000000a0000000, 0x00000000a2000000, 0x00000000e0000000)
  object space 32768K, 34% used [0x00000000a0000000,0x00000000a0b33068,0x00000000a2000000)
 Metaspace       used 34527K, capacity 35292K, committed 35496K, reserved 1079296K
  class space    used 4764K, capacity 5053K, committed 5168K, reserved 1048576K
Event: 37.568 GC heap after
Heap after GC invocations=14 (full 1):
 PSYoungGen      total 69120K, used 5256K [0x00000000e0000000, 0x00000000e6180000, 0x0000000100000000)
  eden space 62464K, 0% used [0x00000000e0000000,0x00000000e0000000,0x00000000e3d00000)
  from space 6656K, 78% used [0x00000000e3d00000,0x00000000e4222358,0x00000000e4380000)
  to   space 7168K, 0% used [0x00000000e5a80000,0x00000000e5a80000,0x00000000e6180000)
 ParOldGen       total 32768K, used 13300K [0x00000000a0000000, 0x00000000a2000000, 0x00000000e0000000)
  object space 32768K, 40% used [0x00000000a0000000,0x00000000a0cfd078,0x00000000a2000000)
 Metaspace       used 34527K, capacity 35292K, committed 35496K, reserved 1079296K
  class space    used 4764K, capacity 5053K, committed 5168K, reserved 1048576K
}
Event: 37.569 GC heap before
{Heap before GC invocations=15 (full 2):
 PSYoungGen      total 69120K, used 5256K [0x00000000e0000000, 0x00000000e6180000, 0x0000000100000000)
  eden space 62464K, 0% used [0x00000000e0000000,0x00000000e0000000,0x00000000e3d00000)
  from space 6656K, 78% used [0x00000000e3d00000,0x00000000e4222358,0x00000000e4380000)
  to   space 7168K, 0% used [0x00000000e5a80000,0x00000000e5a80000,0x00000000e6180000)
 ParOldGen       total 32768K, used 13300K [0x00000000a0000000, 0x00000000a2000000, 0x00000000e0000000)
  object space 32768K, 40% used [0x00000000a0000000,0x00000000a0cfd078,0x00000000a2000000)
 Metaspace       used 34527K, capacity 35292K, committed 35496K, reserved 1079296K
  class space    used 4764K, capacity 5053K, committed 5168K, reserved 1048576K
Event: 37.704 GC heap after
Heap after GC invocations=15 (full 2):
 PSYoungGen      total 69120K, used 0K [0x00000000e0000000, 0x00000000e6180000, 0x0000000100000000)
  eden space 62464K, 0% used [0x00000000e0000000,0x00000000e0000000,0x00000000e3d00000)
  from space 6656K, 0% used [0x00000000e3d00000,0x00000000e3d00000,0x00000000e4380000)
  to   space 7168K, 0% used [0x00000000e5a80000,0x00000000e5a80000,0x00000000e6180000)
 ParOldGen       total 53248K, used 16634K [0x00000000a0000000, 0x00000000a3400000, 0x00000000e0000000)
  object space 53248K, 31% used [0x00000000a0000000,0x00000000a103eaa8,0x00000000a3400000)
 Metaspace       used 34475K, capacity 35160K, committed 35496K, reserved 1079296K
  class space    used 4750K, capacity 5009K, committed 5168K, reserved 1048576K
}
Event: 55.554 GC heap before
{Heap before GC invocations=16 (full 2):
 PSYoungGen      total 69120K, used 62464K [0x00000000e0000000, 0x00000000e6180000, 0x0000000100000000)
  eden space 62464K, 100% used [0x00000000e0000000,0x00000000e3d00000,0x00000000e3d00000)
  from space 6656K, 0% used [0x00000000e3d00000,0x00000000e3d00000,0x00000000e4380000)
  to   space 7168K, 0% used [0x00000000e5a80000,0x00000000e5a80000,0x00000000e6180000)
 ParOldGen       total 53248K, used 16634K [0x00000000a0000000, 0x00000000a3400000, 0x00000000e0000000)
  object space 53248K, 31% used [0x00000000a0000000,0x00000000a103eaa8,0x00000000a3400000)
 Metaspace       used 35278K, capacity 35992K, committed 36144K, reserved 1081344K
  class space    used 4788K, capacity 5073K, committed 5168K, reserved 1048576K
Event: 55.565 GC heap after
Heap after GC invocations=16 (full 2):
 PSYoungGen      total 83456K, used 1840K [0x00000000e0000000, 0x00000000e5d00000, 0x0000000100000000)
  eden space 80896K, 0% used [0x00000000e0000000,0x00000000e0000000,0x00000000e4f00000)
  from space 2560K, 71% used [0x00000000e5a80000,0x00000000e5c4c010,0x00000000e5d00000)
  to   space 7168K, 0% used [0x00000000e4f00000,0x00000000e4f00000,0x00000000e5600000)
 ParOldGen       total 53248K, used 16642K [0x00000000a0000000, 0x00000000a3400000, 0x00000000e0000000)
  object space 53248K, 31% used [0x00000000a0000000,0x00000000a1040aa8,0x00000000a3400000)
 Metaspace       used 35278K, capacity 35992K, committed 36144K, reserved 1081344K
  class space    used 4788K, capacity 5073K, committed 5168K, reserved 1048576K
}
Event: 59.316 GC heap before
{Heap before GC invocations=17 (full 2):
 PSYoungGen      total 83456K, used 82736K [0x00000000e0000000, 0x00000000e5d00000, 0x0000000100000000)
  eden space 80896K, 100% used [0x00000000e0000000,0x00000000e4f00000,0x00000000e4f00000)
  from space 2560K, 71% used [0x00000000e5a80000,0x00000000e5c4c010,0x00000000e5d00000)
  to   space 7168K, 0% used [0x00000000e4f00000,0x00000000e4f00000,0x00000000e5600000)
 ParOldGen       total 53248K, used 16642K [0x00000000a0000000, 0x00000000a3400000, 0x00000000e0000000)
  object space 53248K, 31% used [0x00000000a0000000,0x00000000a1040ab8,0x00000000a3400000)
 Metaspace       used 35328K, capacity 36056K, committed 36400K, reserved 1081344K
  class space    used 4789K, capacity 5073K, committed 5168K, reserved 1048576K
Event: 59.326 GC heap after
Heap after GC invocations=17 (full 2):
 PSYoungGen      total 88064K, used 1904K [0x00000000e0000000, 0x00000000e7200000, 0x0000000100000000)
  eden space 80896K, 0% used [0x00000000e0000000,0x00000000e0000000,0x00000000e4f00000)
  from space 7168K, 26% used [0x00000000e4f00000,0x00000000e50dc050,0x00000000e5600000)
  to   space 7168K, 0% used [0x00000000e6b00000,0x00000000e6b00000,0x00000000e7200000)
 ParOldGen       total 53248K, used 17538K [0x00000000a0000000, 0x00000000a3400000, 0x00000000e0000000)
  object space 53248K, 32% used [0x00000000a0000000,0x00000000a1120ac8,0x00000000a3400000)
 Metaspace       used 35328K, capacity 36056K, committed 36400K, reserved 1081344K
  class space    used 4789K, capacity 5073K, committed 5168K, reserved 1048576K
}

